This file contains any messages produced by compilers while
running configure, to aid debugging if configure makes a mistake.

It was created by SemesterLeistung configure 0.1.0, which was
generated by GNU Autoconf 2.66.  Invocation command line was

  $ ./configure 

## --------- ##
## Platform. ##
## --------- ##

hostname = simon-laptop-linux
uname -m = i686
uname -r = 2.6.35.6-45.fc14.i686
uname -s = Linux
uname -v = #1 SMP Mon Oct 18 23:56:17 UTC 2010

/usr/bin/uname -p = unknown
/bin/uname -X     = unknown

/bin/arch              = i686
/usr/bin/arch -k       = unknown
/usr/convex/getsysinfo = unknown
/usr/bin/hostinfo      = unknown
/bin/machine           = unknown
/usr/bin/oslevel       = unknown
/bin/universe          = unknown

PATH: /usr/lib/qt-3.3/bin
PATH: /usr/lib/ccache
PATH: /usr/local/bin
PATH: /usr/bin
PATH: /bin
PATH: /usr/local/sbin
PATH: /usr/sbin
PATH: /sbin
PATH: /home/simon/bin


## ----------- ##
## Core tests. ##
## ----------- ##

configure:2274: checking for a BSD-compatible install
configure:2342: result: /usr/bin/install -c
configure:2353: checking whether build environment is sane
configure:2403: result: yes
configure:2544: checking for a thread-safe mkdir -p
configure:2583: result: /bin/mkdir -p
configure:2596: checking for gawk
configure:2612: found /usr/bin/gawk
configure:2623: result: gawk
configure:2634: checking whether make sets $(MAKE)
configure:2656: result: yes
configure:2737: checking whether to enable maintainer-specific portions of Makefiles
configure:2746: result: no
configure:2808: checking for gcc
configure:2824: found /usr/lib/ccache/gcc
configure:2835: result: gcc
configure:3064: checking for C compiler version
configure:3073: gcc --version >&5
gcc (GCC) 4.5.1 20100924 (Red Hat 4.5.1-4)
Copyright (C) 2010 Free Software Foundation, Inc.
This is free software; see the source for copying conditions.  There is NO
warranty; not even for MERCHANTABILITY or FITNESS FOR A PARTICULAR PURPOSE.

configure:3084: $? = 0
configure:3073: gcc -v >&5
Using built-in specs.
COLLECT_GCC=/usr/bin/gcc
COLLECT_LTO_WRAPPER=/usr/libexec/gcc/i686-redhat-linux/4.5.1/lto-wrapper
Target: i686-redhat-linux
Configured with: ../configure --prefix=/usr --mandir=/usr/share/man --infodir=/usr/share/info --with-bugurl=http://bugzilla.redhat.com/bugzilla --enable-bootstrap --enable-shared --enable-threads=posix --enable-checking=release --with-system-zlib --enable-__cxa_atexit --disable-libunwind-exceptions --enable-gnu-unique-object --enable-linker-build-id --enable-languages=c,c++,objc,obj-c++,java,fortran,ada,lto --enable-plugin --enable-java-awt=gtk --disable-dssi --with-java-home=/usr/lib/jvm/java-1.5.0-gcj-1.5.0.0/jre --enable-libgcj-multifile --enable-java-maintainer-mode --with-ecj-jar=/usr/share/java/eclipse-ecj.jar --disable-libjava-multilib --with-ppl --with-cloog --with-tune=generic --with-arch=i686 --build=i686-redhat-linux
Thread model: posix
gcc version 4.5.1 20100924 (Red Hat 4.5.1-4) (GCC) 
configure:3084: $? = 0
configure:3073: gcc -V >&5
gcc: '-V' option must have argument
configure:3084: $? = 1
configure:3073: gcc -qversion >&5
gcc: unrecognized option '-qversion'
gcc: no input files
configure:3084: $? = 1
configure:3104: checking whether the C compiler works
configure:3126: gcc    conftest.c  >&5
configure:3130: $? = 0
configure:3178: result: yes
configure:3181: checking for C compiler default output file name
configure:3183: result: a.out
configure:3189: checking for suffix of executables
configure:3196: gcc -o conftest    conftest.c  >&5
configure:3200: $? = 0
configure:3222: result: 
configure:3244: checking whether we are cross compiling
configure:3252: gcc -o conftest    conftest.c  >&5
configure:3256: $? = 0
configure:3263: ./conftest
configure:3267: $? = 0
configure:3282: result: no
configure:3287: checking for suffix of object files
configure:3309: gcc -c   conftest.c >&5
configure:3313: $? = 0
configure:3334: result: o
configure:3338: checking whether we are using the GNU C compiler
configure:3357: gcc -c   conftest.c >&5
configure:3357: $? = 0
configure:3366: result: yes
configure:3375: checking whether gcc accepts -g
configure:3395: gcc -c -g  conftest.c >&5
configure:3395: $? = 0
configure:3436: result: yes
configure:3453: checking for gcc option to accept ISO C89
configure:3517: gcc  -c -g -O2  conftest.c >&5
configure:3517: $? = 0
configure:3530: result: none needed
configure:3561: checking for style of include used by make
configure:3589: result: GNU
configure:3614: checking dependency style of gcc
configure:3724: result: gcc3
configure:3740: checking whether gcc and cc understand -c and -o together
configure:3771: gcc -c conftest.c -o conftest2.o >&5
configure:3775: $? = 0
configure:3781: gcc -c conftest.c -o conftest2.o >&5
configure:3785: $? = 0
configure:3796: cc -c conftest.c >&5
configure:3800: $? = 0
configure:3808: cc -c conftest.c -o conftest2.o >&5
configure:3812: $? = 0
configure:3818: cc -c conftest.c -o conftest2.o >&5
configure:3822: $? = 0
configure:3840: result: yes
configure:3925: checking build system type
configure:3939: result: i686-pc-linux-gnu
configure:3959: checking host system type
configure:3972: result: i686-pc-linux-gnu
configure:4013: checking how to print strings
configure:4040: result: printf
configure:4061: checking for a sed that does not truncate output
configure:4125: result: /bin/sed
configure:4143: checking for grep that handles long lines and -e
configure:4201: result: /bin/grep
configure:4206: checking for egrep
configure:4268: result: /bin/grep -E
configure:4273: checking for fgrep
configure:4335: result: /bin/grep -F
configure:4370: checking for ld used by gcc
configure:4437: result: /usr/bin/ld
configure:4444: checking if the linker (/usr/bin/ld) is GNU ld
configure:4459: result: yes
configure:4471: checking for BSD- or MS-compatible name lister (nm)
configure:4520: result: /usr/bin/nm -B
configure:4650: checking the name lister (/usr/bin/nm -B) interface
configure:4657: gcc -c -g -O2  conftest.c >&5
configure:4660: /usr/bin/nm -B "conftest.o"
configure:4663: output
00000000 B some_variable
configure:4670: result: BSD nm
configure:4673: checking whether ln -s works
configure:4677: result: yes
configure:4685: checking the maximum length of command line arguments
configure:4810: result: 1572864
configure:4827: checking whether the shell understands some XSI constructs
configure:4837: result: yes
configure:4841: checking whether the shell understands "+="
configure:4847: result: yes
configure:4882: checking for /usr/bin/ld option to reload object files
configure:4889: result: -r
configure:4958: checking for objdump
configure:4974: found /usr/bin/objdump
configure:4985: result: objdump
configure:5017: checking how to recognize dependent libraries
configure:5219: result: pass_all
configure:5279: checking for ar
configure:5295: found /usr/bin/ar
configure:5306: result: ar
configure:5384: checking for strip
configure:5400: found /usr/bin/strip
configure:5411: result: strip
configure:5483: checking for ranlib
configure:5499: found /usr/bin/ranlib
configure:5510: result: ranlib
configure:5612: checking command to parse /usr/bin/nm -B output from gcc object
configure:5730: gcc -c -g -O2  conftest.c >&5
configure:5733: $? = 0
configure:5737: /usr/bin/nm -B conftest.o \| sed -n -e 's/^.*[ ]\([ABCDGIRSTW][ABCDGIRSTW]*\)[ ][ ]*\([_A-Za-z][_A-Za-z0-9]*\)$/\1 \2 \2/p' \> conftest.nm
configure:5740: $? = 0
configure:5794: gcc -o conftest -g -O2   conftest.c conftstm.o >&5
configure:5797: $? = 0
configure:5835: result: ok
configure:6676: checking how to run the C preprocessor
configure:6707: gcc -E  conftest.c
configure:6707: $? = 0
configure:6721: gcc -E  conftest.c
conftest.c:11:28: fatal error: ac_nonexistent.h: No such file or directory
compilation terminated.
configure:6721: $? = 1
configure: failed program was:
| /* confdefs.h */
| #define PACKAGE_NAME "SemesterLeistung"
| #define PACKAGE_TARNAME "SemesterLeistung"
| #define PACKAGE_VERSION "0.1.0"
| #define PACKAGE_STRING "SemesterLeistung 0.1.0"
| #define PACKAGE_BUGREPORT ""
| #define PACKAGE_URL ""
| #define PACKAGE "SemesterLeistung"
| #define VERSION "0.1.0"
| /* end confdefs.h.  */
| #include <ac_nonexistent.h>
configure:6746: result: gcc -E
configure:6766: gcc -E  conftest.c
configure:6766: $? = 0
configure:6780: gcc -E  conftest.c
conftest.c:11:28: fatal error: ac_nonexistent.h: No such file or directory
compilation terminated.
configure:6780: $? = 1
configure: failed program was:
| /* confdefs.h */
| #define PACKAGE_NAME "SemesterLeistung"
| #define PACKAGE_TARNAME "SemesterLeistung"
| #define PACKAGE_VERSION "0.1.0"
| #define PACKAGE_STRING "SemesterLeistung 0.1.0"
| #define PACKAGE_BUGREPORT ""
| #define PACKAGE_URL ""
| #define PACKAGE "SemesterLeistung"
| #define VERSION "0.1.0"
| /* end confdefs.h.  */
| #include <ac_nonexistent.h>
configure:6809: checking for ANSI C header files
configure:6829: gcc -c -g -O2  conftest.c >&5
configure:6829: $? = 0
configure:6902: gcc -o conftest -g -O2   conftest.c  >&5
configure:6902: $? = 0
configure:6902: ./conftest
configure:6902: $? = 0
configure:6913: result: yes
configure:6926: checking for sys/types.h
configure:6926: gcc -c -g -O2  conftest.c >&5
configure:6926: $? = 0
configure:6926: result: yes
configure:6926: checking for sys/stat.h
configure:6926: gcc -c -g -O2  conftest.c >&5
configure:6926: $? = 0
configure:6926: result: yes
configure:6926: checking for stdlib.h
configure:6926: gcc -c -g -O2  conftest.c >&5
configure:6926: $? = 0
configure:6926: result: yes
configure:6926: checking for string.h
configure:6926: gcc -c -g -O2  conftest.c >&5
configure:6926: $? = 0
configure:6926: result: yes
configure:6926: checking for memory.h
configure:6926: gcc -c -g -O2  conftest.c >&5
configure:6926: $? = 0
configure:6926: result: yes
configure:6926: checking for strings.h
configure:6926: gcc -c -g -O2  conftest.c >&5
configure:6926: $? = 0
configure:6926: result: yes
configure:6926: checking for inttypes.h
configure:6926: gcc -c -g -O2  conftest.c >&5
configure:6926: $? = 0
configure:6926: result: yes
configure:6926: checking for stdint.h
configure:6926: gcc -c -g -O2  conftest.c >&5
configure:6926: $? = 0
configure:6926: result: yes
configure:6926: checking for unistd.h
configure:6926: gcc -c -g -O2  conftest.c >&5
configure:6926: $? = 0
configure:6926: result: yes
configure:6940: checking for dlfcn.h
configure:6940: gcc -c -g -O2  conftest.c >&5
configure:6940: $? = 0
configure:6940: result: yes
configure:7097: checking for objdir
configure:7112: result: .libs
configure:7379: checking if gcc supports -fno-rtti -fno-exceptions
configure:7397: gcc -c -g -O2  -fno-rtti -fno-exceptions conftest.c >&5
cc1: warning: command line option "-fno-rtti" is valid for C++/ObjC++ but not for C
cc1: warning: command line option "-fno-rtti" is valid for C++/ObjC++ but not for C
configure:7401: $? = 0
configure:7414: result: no
configure:7434: checking for gcc option to produce PIC
configure:7719: result: -fPIC -DPIC
configure:7731: checking if gcc PIC flag -fPIC -DPIC works
configure:7749: gcc -c -g -O2  -fPIC -DPIC -DPIC conftest.c >&5
configure:7753: $? = 0
configure:7766: result: yes
configure:7790: checking if gcc static flag -static works
configure:7818: result: no
configure:7833: checking if gcc supports -c -o file.o
configure:7854: gcc -c -g -O2  -o out/conftest2.o conftest.c >&5
configure:7858: $? = 0
configure:7880: result: yes
configure:7888: checking if gcc supports -c -o file.o
configure:7935: result: yes
configure:7968: checking whether the gcc linker (/usr/bin/ld) supports shared libraries
configure:9043: result: yes
configure:9080: checking whether -lc should be explicitly linked in
configure:9088: gcc -c -g -O2  conftest.c >&5
configure:9091: $? = 0
configure:9106: gcc -shared conftest.o  -v -Wl,-soname -Wl,conftest -o conftest 2\>\&1 \| /bin/grep  -lc  \>/dev/null 2\>\&1
configure:9109: $? = 0
configure:9123: result: no
configure:9288: checking dynamic linker characteristics
configure:9743: gcc -o conftest -g -O2   -Wl,-rpath -Wl,/foo conftest.c  >&5
configure:9743: $? = 0
configure:9969: result: GNU/Linux ld.so
configure:10076: checking how to hardcode library paths into programs
configure:10101: result: immediate
configure:10641: checking whether stripping libraries is possible
configure:10646: result: yes
configure:10681: checking if libtool supports shared libraries
configure:10683: result: yes
configure:10686: checking whether to build shared libraries
configure:10707: result: yes
configure:10710: checking whether to build static libraries
configure:10714: result: no
configure:10752: checking for valac
configure:10770: found /usr/local/bin/valac
configure:10783: result: /usr/local/bin/valac
configure:10803: checking locale.h usability
configure:10803: gcc -c -g -O2  conftest.c >&5
configure:10803: $? = 0
configure:10803: result: yes
configure:10803: checking locale.h presence
configure:10803: gcc -E  conftest.c
configure:10803: $? = 0
configure:10803: result: yes
configure:10803: checking for locale.h
configure:10803: result: yes
configure:10814: checking for LC_MESSAGES
configure:10830: gcc -o conftest -g -O2   conftest.c  >&5
configure:10830: $? = 0
configure:10838: result: yes
configure:10855: checking libintl.h usability
configure:10855: gcc -c -g -O2  conftest.c >&5
configure:10855: $? = 0
configure:10855: result: yes
configure:10855: checking libintl.h presence
configure:10855: gcc -E  conftest.c
configure:10855: $? = 0
configure:10855: result: yes
configure:10855: checking for libintl.h
configure:10855: result: yes
configure:10863: checking for ngettext in libc
configure:10881: gcc -o conftest -g -O2   conftest.c  >&5
configure:10881: $? = 0
configure:10890: result: yes
configure:10894: checking for dgettext in libc
configure:10912: gcc -o conftest -g -O2   conftest.c  >&5
configure:10912: $? = 0
configure:10921: result: yes
configure:10928: checking for bind_textdomain_codeset
configure:10928: gcc -o conftest -g -O2   conftest.c  >&5
configure:10928: $? = 0
configure:10928: result: yes
configure:11204: checking for msgfmt
configure:11231: result: /usr/bin/msgfmt
configure:11242: checking for dcgettext
configure:11242: gcc -o conftest -g -O2   conftest.c   >&5
conftest.c:51:6: warning: conflicting types for built-in function 'dcgettext'
configure:11242: $? = 0
configure:11242: result: yes
configure:11252: checking if msgfmt accepts -c
configure:11267: $MSGFMT -c -o /dev/null conftest.foo
configure:11270: $? = 0
configure:11272: result: yes
configure:11282: checking for gmsgfmt
configure:11313: result: /usr/bin/msgfmt
configure:11323: checking for xgettext
configure:11350: result: /usr/bin/xgettext
configure:11369: gcc -o conftest -g -O2   conftest.c   >&5
configure:11369: $? = 0
configure:11505: checking whether NLS is requested
configure:11514: result: yes
configure:11529: checking for intltool >= 0.35.0
configure:11536: result: 0.41.1 found
configure:11544: checking for intltool-update
configure:11562: found /usr/bin/intltool-update
configure:11574: result: /usr/bin/intltool-update
configure:11584: checking for intltool-merge
configure:11602: found /usr/bin/intltool-merge
configure:11614: result: /usr/bin/intltool-merge
configure:11624: checking for intltool-extract
configure:11642: found /usr/bin/intltool-extract
configure:11654: result: /usr/bin/intltool-extract
configure:11785: checking for xgettext
configure:11815: result: /usr/bin/xgettext
configure:11825: checking for msgmerge
configure:11843: found /usr/bin/msgmerge
configure:11855: result: /usr/bin/msgmerge
configure:11865: checking for msgfmt
configure:11895: result: /usr/bin/msgfmt
configure:11905: checking for gmsgfmt
configure:11936: result: /usr/bin/msgfmt
configure:11956: checking for perl
configure:11974: found /usr/bin/perl
configure:11986: result: /usr/bin/perl
configure:11997: checking for perl >= 5.8.1
configure:12004: result: 5.12.2
configure:12008: checking for XML::Parser
configure:12011: result: ok
configure:12122: checking for pkg-config
configure:12140: found /usr/bin/pkg-config
configure:12152: result: /usr/bin/pkg-config
configure:12177: checking pkg-config is at least version 0.9.0
configure:12180: result: yes
configure:12190: checking for SEMESTERLEISTUNG
configure:12197: $PKG_CONFIG --exists --print-errors "glib-2.0 >= $GLIB_REQUIRED gobject-2.0 >= $GLIB_REQUIRED"
configure:12200: $? = 0
configure:12213: $PKG_CONFIG --exists --print-errors "glib-2.0 >= $GLIB_REQUIRED gobject-2.0 >= $GLIB_REQUIRED"
configure:12216: $? = 0
configure:12275: result: yes
configure:12412: creating ./config.status

## ---------------------- ##
## Running config.status. ##
## ---------------------- ##

This file was extended by SemesterLeistung config.status 0.1.0, which was
generated by GNU Autoconf 2.66.  Invocation command line was

  CONFIG_FILES    = 
  CONFIG_HEADERS  = 
  CONFIG_LINKS    = 
  CONFIG_COMMANDS = 
  $ ./config.status 

on simon-laptop-linux

config.status:1145: creating Makefile
config.status:1145: creating src/Makefile
config.status:1145: creating po/Makefile.in
config.status:1145: creating config.h
config.status:1325: config.h is unchanged
config.status:1373: executing depfiles commands
config.status:1373: executing libtool commands
config.status:1373: executing default-1 commands
config.status:1373: executing po/stamp-it commands

## ---------------- ##
## Cache variables. ##
## ---------------- ##

ac_cv_build=i686-pc-linux-gnu
ac_cv_c_compiler_gnu=yes
ac_cv_env_CC_set=
ac_cv_env_CC_value=
ac_cv_env_CFLAGS_set=
ac_cv_env_CFLAGS_value=
ac_cv_env_CPPFLAGS_set=
ac_cv_env_CPPFLAGS_value=
ac_cv_env_CPP_set=
ac_cv_env_CPP_value=
ac_cv_env_LDFLAGS_set=
ac_cv_env_LDFLAGS_value=
ac_cv_env_LIBS_set=
ac_cv_env_LIBS_value=
ac_cv_env_PKG_CONFIG_LIBDIR_set=
ac_cv_env_PKG_CONFIG_LIBDIR_value=
ac_cv_env_PKG_CONFIG_PATH_set=
ac_cv_env_PKG_CONFIG_PATH_value=
ac_cv_env_PKG_CONFIG_set=
ac_cv_env_PKG_CONFIG_value=
ac_cv_env_SEMESTERLEISTUNG_CFLAGS_set=
ac_cv_env_SEMESTERLEISTUNG_CFLAGS_value=
ac_cv_env_SEMESTERLEISTUNG_LIBS_set=
ac_cv_env_SEMESTERLEISTUNG_LIBS_value=
ac_cv_env_build_alias_set=
ac_cv_env_build_alias_value=
ac_cv_env_host_alias_set=
ac_cv_env_host_alias_value=
ac_cv_env_target_alias_set=
ac_cv_env_target_alias_value=
ac_cv_func_bind_textdomain_codeset=yes
ac_cv_func_dcgettext=yes
ac_cv_header_dlfcn_h=yes
ac_cv_header_inttypes_h=yes
ac_cv_header_libintl_h=yes
ac_cv_header_locale_h=yes
ac_cv_header_memory_h=yes
ac_cv_header_stdc=yes
ac_cv_header_stdint_h=yes
ac_cv_header_stdlib_h=yes
ac_cv_header_string_h=yes
ac_cv_header_strings_h=yes
ac_cv_header_sys_stat_h=yes
ac_cv_header_sys_types_h=yes
ac_cv_header_unistd_h=yes
ac_cv_host=i686-pc-linux-gnu
ac_cv_objext=o
ac_cv_path_EGREP='/bin/grep -E'
ac_cv_path_FGREP='/bin/grep -F'
ac_cv_path_GMSGFMT=/usr/bin/msgfmt
ac_cv_path_GREP=/bin/grep
ac_cv_path_INTLTOOL_EXTRACT=/usr/bin/intltool-extract
ac_cv_path_INTLTOOL_MERGE=/usr/bin/intltool-merge
ac_cv_path_INTLTOOL_PERL=/usr/bin/perl
ac_cv_path_INTLTOOL_UPDATE=/usr/bin/intltool-update
ac_cv_path_MSGFMT=/usr/bin/msgfmt
ac_cv_path_MSGMERGE=/usr/bin/msgmerge
ac_cv_path_SED=/bin/sed
ac_cv_path_VALAC=/usr/local/bin/valac
ac_cv_path_XGETTEXT=/usr/bin/xgettext
ac_cv_path_ac_pt_PKG_CONFIG=/usr/bin/pkg-config
ac_cv_path_install='/usr/bin/install -c'
ac_cv_path_mkdir=/bin/mkdir
ac_cv_prog_AWK=gawk
ac_cv_prog_CPP='gcc -E'
ac_cv_prog_ac_ct_AR=ar
ac_cv_prog_ac_ct_CC=gcc
ac_cv_prog_ac_ct_OBJDUMP=objdump
ac_cv_prog_ac_ct_RANLIB=ranlib
ac_cv_prog_ac_ct_STRIP=strip
ac_cv_prog_cc_c89=
ac_cv_prog_cc_g=yes
ac_cv_prog_cc_gcc_c_o=yes
ac_cv_prog_make_make_set=yes
am_cv_CC_dependencies_compiler_type=gcc3
am_cv_val_LC_MESSAGES=yes
gt_cv_func_dgettext_libc=yes
gt_cv_func_dgettext_libintl=no
gt_cv_func_ngettext_libc=yes
gt_cv_have_gettext=yes
lt_cv_archive_cmds_need_lc=no
lt_cv_deplibs_check_method=pass_all
lt_cv_file_magic_cmd='$MAGIC_CMD'
lt_cv_file_magic_test_file=
lt_cv_ld_reload_flag=-r
lt_cv_nm_interface='BSD nm'
lt_cv_objdir=.libs
lt_cv_path_LD=/usr/bin/ld
lt_cv_path_NM='/usr/bin/nm -B'
lt_cv_prog_compiler_c_o=yes
lt_cv_prog_compiler_pic_works=yes
lt_cv_prog_compiler_rtti_exceptions=no
lt_cv_prog_compiler_static_works=no
lt_cv_prog_gnu_ld=yes
lt_cv_shlibpath_overrides_runpath=no
lt_cv_sys_global_symbol_pipe='sed -n -e '\''s/^.*[	 ]\([ABCDGIRSTW][ABCDGIRSTW]*\)[	 ][	 ]*\([_A-Za-z][_A-Za-z0-9]*\)$/\1 \2 \2/p'\'''
lt_cv_sys_global_symbol_to_c_name_address='sed -n -e '\''s/^: \([^ ]*\) $/  {\"\1\", (void *) 0},/p'\'' -e '\''s/^[ABCDGIRSTW]* \([^ ]*\) \([^ ]*\)$/  {"\2", (void *) \&\2},/p'\'''
lt_cv_sys_global_symbol_to_c_name_address_lib_prefix='sed -n -e '\''s/^: \([^ ]*\) $/  {\"\1\", (void *) 0},/p'\'' -e '\''s/^[ABCDGIRSTW]* \([^ ]*\) \(lib[^ ]*\)$/  {"\2", (void *) \&\2},/p'\'' -e '\''s/^[ABCDGIRSTW]* \([^ ]*\) \([^ ]*\)$/  {"lib\2", (void *) \&\2},/p'\'''
lt_cv_sys_global_symbol_to_cdecl='sed -n -e '\''s/^T .* \(.*\)$/extern int \1();/p'\'' -e '\''s/^[ABCDGIRSTW]* .* \(.*\)$/extern char \1;/p'\'''
lt_cv_sys_max_cmd_len=1572864
pkg_cv_SEMESTERLEISTUNG_CFLAGS='-pthread -I/usr/include/glib-2.0 -I/usr/lib/glib-2.0/include  '
pkg_cv_SEMESTERLEISTUNG_LIBS='-pthread -lgobject-2.0 -lgthread-2.0 -lrt -lglib-2.0  '

## ----------------- ##
## Output variables. ##
## ----------------- ##

ACLOCAL='${SHELL} /home/simon/Projects/SemesterLeistung/missing --run aclocal-1.11'
ALL_LINGUAS=''
AMDEPBACKSLASH='\'
AMDEP_FALSE='#'
AMDEP_TRUE=''
AMTAR='${SHELL} /home/simon/Projects/SemesterLeistung/missing --run tar'
AR='ar'
AUTOCONF='${SHELL} /home/simon/Projects/SemesterLeistung/missing --run autoconf'
AUTOHEADER='${SHELL} /home/simon/Projects/SemesterLeistung/missing --run autoheader'
AUTOMAKE='${SHELL} /home/simon/Projects/SemesterLeistung/missing --run automake-1.11'
AWK='gawk'
CATALOGS=''
CATOBJEXT='.gmo'
CC='gcc'
CCDEPMODE='depmode=gcc3'
CFLAGS='-g -O2'
CPP='gcc -E'
CPPFLAGS=''
CYGPATH_W='echo'
DATADIRNAME='share'
DEFS='-DHAVE_CONFIG_H'
DEPDIR='.deps'
DSYMUTIL=''
DUMPBIN=''
ECHO_C=''
ECHO_N='-n'
ECHO_T=''
EGREP='/bin/grep -E'
EXEEXT=''
FGREP='/bin/grep -F'
GETTEXT_PACKAGE='SemesterLeistung'
GMOFILES=''
GMSGFMT='/usr/bin/msgfmt'
GREP='/bin/grep'
INSTALL_DATA='${INSTALL} -m 644'
INSTALL_PROGRAM='${INSTALL}'
INSTALL_SCRIPT='${INSTALL}'
INSTALL_STRIP_PROGRAM='$(install_sh) -c -s'
INSTOBJEXT='.mo'
INTLLIBS=''
INTLTOOL_CAVES_RULE='%.caves:     %.caves.in     $(INTLTOOL_MERGE) $(wildcard $(top_srcdir)/po/*.po) ; LC_ALL=C $(INTLTOOL_MERGE) -d -u -c $(top_builddir)/po/.intltool-merge-cache $(top_srcdir)/po $< $@'
INTLTOOL_DESKTOP_RULE='%.desktop:   %.desktop.in   $(INTLTOOL_MERGE) $(wildcard $(top_srcdir)/po/*.po) ; LC_ALL=C $(INTLTOOL_MERGE) -d -u -c $(top_builddir)/po/.intltool-merge-cache $(top_srcdir)/po $< $@'
INTLTOOL_DIRECTORY_RULE='%.directory: %.directory.in $(INTLTOOL_MERGE) $(wildcard $(top_srcdir)/po/*.po) ; LC_ALL=C $(INTLTOOL_MERGE) -d -u -c $(top_builddir)/po/.intltool-merge-cache $(top_srcdir)/po $< $@'
INTLTOOL_EXTRACT='/usr/bin/intltool-extract'
INTLTOOL_KBD_RULE='%.kbd:       %.kbd.in       $(INTLTOOL_MERGE) $(wildcard $(top_srcdir)/po/*.po) ; LC_ALL=C $(INTLTOOL_MERGE) -x -u -m -c $(top_builddir)/po/.intltool-merge-cache $(top_srcdir)/po $< $@'
INTLTOOL_KEYS_RULE='%.keys:      %.keys.in      $(INTLTOOL_MERGE) $(wildcard $(top_srcdir)/po/*.po) ; LC_ALL=C $(INTLTOOL_MERGE) -k -u -c $(top_builddir)/po/.intltool-merge-cache $(top_srcdir)/po $< $@'
INTLTOOL_MERGE='/usr/bin/intltool-merge'
INTLTOOL_OAF_RULE='%.oaf:       %.oaf.in       $(INTLTOOL_MERGE) $(wildcard $(top_srcdir)/po/*.po) ; LC_ALL=C $(INTLTOOL_MERGE) -o -p $(top_srcdir)/po $< $@'
INTLTOOL_PERL='/usr/bin/perl'
INTLTOOL_POLICY_RULE='%.policy:    %.policy.in    $(INTLTOOL_MERGE) $(wildcard $(top_srcdir)/po/*.po) ; LC_ALL=C $(INTLTOOL_MERGE) -x -u -c $(top_builddir)/po/.intltool-merge-cache $(top_srcdir)/po $< $@'
INTLTOOL_PONG_RULE='%.pong:      %.pong.in      $(INTLTOOL_MERGE) $(wildcard $(top_srcdir)/po/*.po) ; LC_ALL=C $(INTLTOOL_MERGE) -x -u -c $(top_builddir)/po/.intltool-merge-cache $(top_srcdir)/po $< $@'
INTLTOOL_PROP_RULE='%.prop:      %.prop.in      $(INTLTOOL_MERGE) $(wildcard $(top_srcdir)/po/*.po) ; LC_ALL=C $(INTLTOOL_MERGE) -d -u -c $(top_builddir)/po/.intltool-merge-cache $(top_srcdir)/po $< $@'
INTLTOOL_SCHEMAS_RULE='%.schemas:   %.schemas.in   $(INTLTOOL_MERGE) $(wildcard $(top_srcdir)/po/*.po) ; LC_ALL=C $(INTLTOOL_MERGE) -s -u -c $(top_builddir)/po/.intltool-merge-cache $(top_srcdir)/po $< $@'
INTLTOOL_SERVER_RULE='%.server:    %.server.in    $(INTLTOOL_MERGE) $(wildcard $(top_srcdir)/po/*.po) ; LC_ALL=C $(INTLTOOL_MERGE) -o -u -c $(top_builddir)/po/.intltool-merge-cache $(top_srcdir)/po $< $@'
INTLTOOL_SERVICE_RULE='%.service: %.service.in   $(INTLTOOL_MERGE) $(wildcard $(top_srcdir)/po/*.po) ; LC_ALL=C $(INTLTOOL_MERGE) -d -u -c $(top_builddir)/po/.intltool-merge-cache $(top_srcdir)/po $< $@'
INTLTOOL_SHEET_RULE='%.sheet:     %.sheet.in     $(INTLTOOL_MERGE) $(wildcard $(top_srcdir)/po/*.po) ; LC_ALL=C $(INTLTOOL_MERGE) -x -u -c $(top_builddir)/po/.intltool-merge-cache $(top_srcdir)/po $< $@'
INTLTOOL_SOUNDLIST_RULE='%.soundlist: %.soundlist.in $(INTLTOOL_MERGE) $(wildcard $(top_srcdir)/po/*.po) ; LC_ALL=C $(INTLTOOL_MERGE) -d -u -c $(top_builddir)/po/.intltool-merge-cache $(top_srcdir)/po $< $@'
INTLTOOL_THEME_RULE='%.theme:     %.theme.in     $(INTLTOOL_MERGE) $(wildcard $(top_srcdir)/po/*.po) ; LC_ALL=C $(INTLTOOL_MERGE) -d -u -c $(top_builddir)/po/.intltool-merge-cache $(top_srcdir)/po $< $@'
INTLTOOL_UI_RULE='%.ui:        %.ui.in        $(INTLTOOL_MERGE) $(wildcard $(top_srcdir)/po/*.po) ; LC_ALL=C $(INTLTOOL_MERGE) -x -u -c $(top_builddir)/po/.intltool-merge-cache $(top_srcdir)/po $< $@'
INTLTOOL_UPDATE='/usr/bin/intltool-update'
INTLTOOL_XAM_RULE='%.xam:       %.xml.in       $(INTLTOOL_MERGE) $(wildcard $(top_srcdir)/po/*.po) ; LC_ALL=C $(INTLTOOL_MERGE) -x -u -c $(top_builddir)/po/.intltool-merge-cache $(top_srcdir)/po $< $@'
INTLTOOL_XML_NOMERGE_RULE='%.xml:       %.xml.in       $(INTLTOOL_MERGE) ; LC_ALL=C $(INTLTOOL_MERGE) -x -u /tmp $< $@'
INTLTOOL_XML_RULE='%.xml:       %.xml.in       $(INTLTOOL_MERGE) $(wildcard $(top_srcdir)/po/*.po) ; LC_ALL=C $(INTLTOOL_MERGE) -x -u -c $(top_builddir)/po/.intltool-merge-cache $(top_srcdir)/po $< $@'
LD='/usr/bin/ld'
LDFLAGS=''
LIBOBJS=''
LIBS=''
LIBTOOL='$(SHELL) $(top_builddir)/libtool'
LIPO=''
LN_S='ln -s'
LTLIBOBJS=''
MAINT='#'
MAINTAINER_MODE_FALSE=''
MAINTAINER_MODE_TRUE='#'
MAKEINFO='${SHELL} /home/simon/Projects/SemesterLeistung/missing --run makeinfo'
MKDIR_P='/bin/mkdir -p'
MKINSTALLDIRS='./mkinstalldirs'
MSGFMT='/usr/bin/msgfmt'
MSGFMT_OPTS='-c'
MSGMERGE='/usr/bin/msgmerge'
NM='/usr/bin/nm -B'
NMEDIT=''
OBJDUMP='objdump'
OBJEXT='o'
OTOOL64=''
OTOOL=''
PACKAGE='SemesterLeistung'
PACKAGE_BUGREPORT=''
PACKAGE_NAME='SemesterLeistung'
PACKAGE_STRING='SemesterLeistung 0.1.0'
PACKAGE_TARNAME='SemesterLeistung'
PACKAGE_URL=''
PACKAGE_VERSION='0.1.0'
PATH_SEPARATOR=':'
PKG_CONFIG='/usr/bin/pkg-config'
PKG_CONFIG_LIBDIR=''
PKG_CONFIG_PATH=''
POFILES=''
POSUB='po'
PO_IN_DATADIR_FALSE=''
PO_IN_DATADIR_TRUE=''
RANLIB='ranlib'
SED='/bin/sed'
SEMESTERLEISTUNG_CFLAGS='-pthread -I/usr/include/glib-2.0 -I/usr/lib/glib-2.0/include  '
SEMESTERLEISTUNG_LIBS='-pthread -lgobject-2.0 -lgthread-2.0 -lrt -lglib-2.0  '
SET_MAKE=''
SHELL='/bin/sh'
STRIP='strip'
USE_NLS='yes'
VALAC='/usr/local/bin/valac'
VERSION='0.1.0'
XGETTEXT='/usr/bin/xgettext'
ac_ct_CC='gcc'
ac_ct_DUMPBIN=''
am__EXEEXT_FALSE=''
am__EXEEXT_TRUE='#'
am__fastdepCC_FALSE='#'
am__fastdepCC_TRUE=''
am__include='include'
am__isrc=''
am__leading_dot='.'
am__quote=''
am__tar='${AMTAR} chof - "$$tardir"'
am__untar='${AMTAR} xf -'
bindir='${exec_prefix}/bin'
build='i686-pc-linux-gnu'
build_alias=''
build_cpu='i686'
build_os='linux-gnu'
build_vendor='pc'
datadir='${datarootdir}'
datarootdir='${prefix}/share'
docdir='${datarootdir}/doc/${PACKAGE_TARNAME}'
dvidir='${docdir}'
exec_prefix='${prefix}'
host='i686-pc-linux-gnu'
host_alias=''
host_cpu='i686'
host_os='linux-gnu'
host_vendor='pc'
htmldir='${docdir}'
includedir='${prefix}/include'
infodir='${datarootdir}/info'
install_sh='${SHELL} /home/simon/Projects/SemesterLeistung/install-sh'
libdir='${exec_prefix}/lib'
libexecdir='${exec_prefix}/libexec'
localedir='${datarootdir}/locale'
localstatedir='${prefix}/var'
mandir='${datarootdir}/man'
mkdir_p='/bin/mkdir -p'
oldincludedir='/usr/include'
pdfdir='${docdir}'
prefix='/usr/local'
program_transform_name='s,x,x,'
psdir='${docdir}'
sbindir='${exec_prefix}/sbin'
sharedstatedir='${prefix}/com'
sysconfdir='${prefix}/etc'
target_alias=''

## ----------- ##
## confdefs.h. ##
## ----------- ##

/* confdefs.h */
#define PACKAGE_NAME "SemesterLeistung"
#define PACKAGE_TARNAME "SemesterLeistung"
#define PACKAGE_VERSION "0.1.0"
#define PACKAGE_STRING "SemesterLeistung 0.1.0"
#define PACKAGE_BUGREPORT ""
#define PACKAGE_URL ""
#define PACKAGE "SemesterLeistung"
#define VERSION "0.1.0"
#define STDC_HEADERS 1
#define HAVE_SYS_TYPES_H 1
#define HAVE_SYS_STAT_H 1
#define HAVE_STDLIB_H 1
#define HAVE_STRING_H 1
#define HAVE_MEMORY_H 1
#define HAVE_STRINGS_H 1
#define HAVE_INTTYPES_H 1
#define HAVE_STDINT_H 1
#define HAVE_UNISTD_H 1
#define HAVE_DLFCN_H 1
#define LT_OBJDIR ".libs/"
#define GETTEXT_PACKAGE "SemesterLeistung"
#define HAVE_LOCALE_H 1
#define HAVE_LC_MESSAGES 1
#define HAVE_BIND_TEXTDOMAIN_CODESET 1
#define HAVE_GETTEXT 1
#define HAVE_DCGETTEXT 1
#define ENABLE_NLS 1

configure: exit 0

## ---------------------- ##
## Running config.status. ##
## ---------------------- ##

This file was extended by SemesterLeistung config.status 0.1.0, which was
generated by GNU Autoconf 2.66.  Invocation command line was

  CONFIG_FILES    = 
  CONFIG_HEADERS  = 
  CONFIG_LINKS    = 
  CONFIG_COMMANDS = 
  $ ./config.status Makefile

on simon-laptop-linux

config.status:1145: creating Makefile

## ---------------------- ##
## Running config.status. ##
## ---------------------- ##

This file was extended by SemesterLeistung config.status 0.1.0, which was
generated by GNU Autoconf 2.66.  Invocation command line was

  CONFIG_FILES    = 
  CONFIG_HEADERS  = 
  CONFIG_LINKS    = 
  CONFIG_COMMANDS = 
  $ ./config.status src/Makefile depfiles

on simon-laptop-linux

config.status:1145: creating src/Makefile
config.status:1373: executing depfiles commands

## ---------------------- ##
## Running config.status. ##
## ---------------------- ##

This file was extended by SemesterLeistung config.status 0.1.0, which was
generated by GNU Autoconf 2.66.  Invocation command line was

  CONFIG_FILES    = 
  CONFIG_HEADERS  = 
  CONFIG_LINKS    = 
  CONFIG_COMMANDS = 
  $ ./config.status Makefile

on simon-laptop-linux

config.status:1145: creating Makefile

## ---------------------- ##
## Running config.status. ##
## ---------------------- ##

This file was extended by SemesterLeistung config.status 0.1.0, which was
generated by GNU Autoconf 2.66.  Invocation command line was

  CONFIG_FILES    = 
  CONFIG_HEADERS  = 
  CONFIG_LINKS    = 
  CONFIG_COMMANDS = 
  $ ./config.status src/Makefile depfiles

on simon-laptop-linux

config.status:1145: creating src/Makefile
config.status:1373: executing depfiles commands

## ---------------------- ##
## Running config.status. ##
## ---------------------- ##

This file was extended by SemesterLeistung config.status 0.1.0, which was
generated by GNU Autoconf 2.66.  Invocation command line was

  CONFIG_FILES    = 
  CONFIG_HEADERS  = 
  CONFIG_LINKS    = 
  CONFIG_COMMANDS = 
  $ ./config.status Makefile

on simon-laptop-linux

config.status:1145: creating Makefile

## ---------------------- ##
## Running config.status. ##
## ---------------------- ##

This file was extended by SemesterLeistung config.status 0.1.0, which was
generated by GNU Autoconf 2.66.  Invocation command line was

  CONFIG_FILES    = 
  CONFIG_HEADERS  = 
  CONFIG_LINKS    = 
  CONFIG_COMMANDS = 
  $ ./config.status src/Makefile depfiles

on simon-laptop-linux

config.status:1145: creating src/Makefile
config.status:1373: executing depfiles commands

## ---------------------- ##
## Running config.status. ##
## ---------------------- ##

This file was extended by SemesterLeistung config.status 0.1.0, which was
generated by GNU Autoconf 2.66.  Invocation command line was

  CONFIG_FILES    = 
  CONFIG_HEADERS  = 
  CONFIG_LINKS    = 
  CONFIG_COMMANDS = 
  $ ./config.status Makefile

on simon-laptop-linux

config.status:1145: creating Makefile

## ---------------------- ##
## Running config.status. ##
## ---------------------- ##

This file was extended by SemesterLeistung config.status 0.1.0, which was
generated by GNU Autoconf 2.66.  Invocation command line was

  CONFIG_FILES    = 
  CONFIG_HEADERS  = 
  CONFIG_LINKS    = 
  CONFIG_COMMANDS = 
  $ ./config.status src/Makefile depfiles

on simon-laptop-linux

config.status:1145: creating src/Makefile
config.status:1373: executing depfiles commands

## ---------------------- ##
## Running config.status. ##
## ---------------------- ##

This file was extended by SemesterLeistung config.status 0.1.0, which was
generated by GNU Autoconf 2.66.  Invocation command line was

  CONFIG_FILES    = 
  CONFIG_HEADERS  = 
  CONFIG_LINKS    = 
  CONFIG_COMMANDS = 
  $ ./config.status Makefile

on simon-laptop-linux

config.status:1145: creating Makefile

## ---------------------- ##
## Running config.status. ##
## ---------------------- ##

This file was extended by SemesterLeistung config.status 0.1.0, which was
generated by GNU Autoconf 2.66.  Invocation command line was

  CONFIG_FILES    = 
  CONFIG_HEADERS  = 
  CONFIG_LINKS    = 
  CONFIG_COMMANDS = 
  $ ./config.status src/Makefile depfiles

on simon-laptop-linux

config.status:1145: creating src/Makefile
config.status:1373: executing depfiles commands

## ---------------------- ##
## Running config.status. ##
## ---------------------- ##

This file was extended by SemesterLeistung config.status 0.1.0, which was
generated by GNU Autoconf 2.66.  Invocation command line was

  CONFIG_FILES    = 
  CONFIG_HEADERS  = 
  CONFIG_LINKS    = 
  CONFIG_COMMANDS = 
  $ ./config.status Makefile

on simon-laptop-linux

config.status:1145: creating Makefile

## ---------------------- ##
## Running config.status. ##
## ---------------------- ##

This file was extended by SemesterLeistung config.status 0.1.0, which was
generated by GNU Autoconf 2.66.  Invocation command line was

  CONFIG_FILES    = 
  CONFIG_HEADERS  = 
  CONFIG_LINKS    = 
  CONFIG_COMMANDS = 
  $ ./config.status src/Makefile depfiles

on simon-laptop-linux

config.status:1145: creating src/Makefile
config.status:1373: executing depfiles commands

## ---------------------- ##
## Running config.status. ##
## ---------------------- ##

This file was extended by SemesterLeistung config.status 0.1.0, which was
generated by GNU Autoconf 2.66.  Invocation command line was

  CONFIG_FILES    = 
  CONFIG_HEADERS  = 
  CONFIG_LINKS    = 
  CONFIG_COMMANDS = 
  $ ./config.status Makefile

on simon-laptop-linux

config.status:1145: creating Makefile

## ---------------------- ##
## Running config.status. ##
## ---------------------- ##

This file was extended by SemesterLeistung config.status 0.1.0, which was
generated by GNU Autoconf 2.66.  Invocation command line was

  CONFIG_FILES    = 
  CONFIG_HEADERS  = 
  CONFIG_LINKS    = 
  CONFIG_COMMANDS = 
  $ ./config.status src/Makefile depfiles

on simon-laptop-linux

config.status:1145: creating src/Makefile
config.status:1373: executing depfiles commands

## ---------------------- ##
## Running config.status. ##
## ---------------------- ##

This file was extended by SemesterLeistung config.status 0.1.0, which was
generated by GNU Autoconf 2.66.  Invocation command line was

  CONFIG_FILES    = 
  CONFIG_HEADERS  = 
  CONFIG_LINKS    = 
  CONFIG_COMMANDS = 
  $ ./config.status Makefile

on simon-laptop-linux

config.status:1145: creating Makefile

## ---------------------- ##
## Running config.status. ##
## ---------------------- ##

This file was extended by SemesterLeistung config.status 0.1.0, which was
generated by GNU Autoconf 2.66.  Invocation command line was

  CONFIG_FILES    = 
  CONFIG_HEADERS  = 
  CONFIG_LINKS    = 
  CONFIG_COMMANDS = 
  $ ./config.status src/Makefile depfiles

on simon-laptop-linux

config.status:1145: creating src/Makefile
config.status:1373: executing depfiles commands

## ---------------------- ##
## Running config.status. ##
## ---------------------- ##

This file was extended by SemesterLeistung config.status 0.1.0, which was
generated by GNU Autoconf 2.66.  Invocation command line was

  CONFIG_FILES    = 
  CONFIG_HEADERS  = 
  CONFIG_LINKS    = 
  CONFIG_COMMANDS = 
  $ ./config.status Makefile

on simon-laptop-linux

config.status:1145: creating Makefile

## ---------------------- ##
## Running config.status. ##
## ---------------------- ##

This file was extended by SemesterLeistung config.status 0.1.0, which was
generated by GNU Autoconf 2.66.  Invocation command line was

  CONFIG_FILES    = 
  CONFIG_HEADERS  = 
  CONFIG_LINKS    = 
  CONFIG_COMMANDS = 
  $ ./config.status src/Makefile depfiles

on simon-laptop-linux

config.status:1145: creating src/Makefile
config.status:1373: executing depfiles commands

## ---------------------- ##
## Running config.status. ##
## ---------------------- ##

This file was extended by SemesterLeistung config.status 0.1.0, which was
generated by GNU Autoconf 2.66.  Invocation command line was

  CONFIG_FILES    = 
  CONFIG_HEADERS  = 
  CONFIG_LINKS    = 
  CONFIG_COMMANDS = 
  $ ./config.status Makefile

on simon-laptop-linux

config.status:1145: creating Makefile

## ---------------------- ##
## Running config.status. ##
## ---------------------- ##

This file was extended by SemesterLeistung config.status 0.1.0, which was
generated by GNU Autoconf 2.66.  Invocation command line was

  CONFIG_FILES    = 
  CONFIG_HEADERS  = 
  CONFIG_LINKS    = 
  CONFIG_COMMANDS = 
  $ ./config.status src/Makefile depfiles

on simon-laptop-linux

config.status:1145: creating src/Makefile
config.status:1373: executing depfiles commands

## ---------------------- ##
## Running config.status. ##
## ---------------------- ##

This file was extended by SemesterLeistung config.status 0.1.0, which was
generated by GNU Autoconf 2.66.  Invocation command line was

  CONFIG_FILES    = 
  CONFIG_HEADERS  = 
  CONFIG_LINKS    = 
  CONFIG_COMMANDS = 
  $ ./config.status Makefile

on simon-laptop-linux

config.status:1145: creating Makefile

## ---------------------- ##
## Running config.status. ##
## ---------------------- ##

This file was extended by SemesterLeistung config.status 0.1.0, which was
generated by GNU Autoconf 2.66.  Invocation command line was

  CONFIG_FILES    = 
  CONFIG_HEADERS  = 
  CONFIG_LINKS    = 
  CONFIG_COMMANDS = 
  $ ./config.status src/Makefile depfiles

on simon-laptop-linux

config.status:1145: creating src/Makefile
config.status:1373: executing depfiles commands

## ---------------------- ##
## Running config.status. ##
## ---------------------- ##

This file was extended by SemesterLeistung config.status 0.1.0, which was
generated by GNU Autoconf 2.66.  Invocation command line was

  CONFIG_FILES    = 
  CONFIG_HEADERS  = 
  CONFIG_LINKS    = 
  CONFIG_COMMANDS = 
  $ ./config.status Makefile

on simon-laptop-linux

config.status:1145: creating Makefile

## ---------------------- ##
## Running config.status. ##
## ---------------------- ##

This file was extended by SemesterLeistung config.status 0.1.0, which was
generated by GNU Autoconf 2.66.  Invocation command line was

  CONFIG_FILES    = 
  CONFIG_HEADERS  = 
  CONFIG_LINKS    = 
  CONFIG_COMMANDS = 
  $ ./config.status src/Makefile depfiles

on simon-laptop-linux

config.status:1145: creating src/Makefile
config.status:1373: executing depfiles commands

## ---------------------- ##
## Running config.status. ##
## ---------------------- ##

This file was extended by SemesterLeistung config.status 0.1.0, which was
generated by GNU Autoconf 2.66.  Invocation command line was

  CONFIG_FILES    = 
  CONFIG_HEADERS  = 
  CONFIG_LINKS    = 
  CONFIG_COMMANDS = 
  $ ./config.status Makefile

on simon-laptop-linux

config.status:1145: creating Makefile

## ---------------------- ##
## Running config.status. ##
## ---------------------- ##

This file was extended by SemesterLeistung config.status 0.1.0, which was
generated by GNU Autoconf 2.66.  Invocation command line was

  CONFIG_FILES    = 
  CONFIG_HEADERS  = 
  CONFIG_LINKS    = 
  CONFIG_COMMANDS = 
  $ ./config.status src/Makefile depfiles

on simon-laptop-linux

config.status:1145: creating src/Makefile
config.status:1373: executing depfiles commands

## ---------------------- ##
## Running config.status. ##
## ---------------------- ##

This file was extended by SemesterLeistung config.status 0.1.0, which was
generated by GNU Autoconf 2.66.  Invocation command line was

  CONFIG_FILES    = 
  CONFIG_HEADERS  = 
  CONFIG_LINKS    = 
  CONFIG_COMMANDS = 
  $ ./config.status Makefile

on simon-laptop-linux

config.status:1145: creating Makefile

## ---------------------- ##
## Running config.status. ##
## ---------------------- ##

This file was extended by SemesterLeistung config.status 0.1.0, which was
generated by GNU Autoconf 2.66.  Invocation command line was

  CONFIG_FILES    = 
  CONFIG_HEADERS  = 
  CONFIG_LINKS    = 
  CONFIG_COMMANDS = 
  $ ./config.status src/Makefile depfiles

on simon-laptop-linux

config.status:1145: creating src/Makefile
config.status:1373: executing depfiles commands

## ---------------------- ##
## Running config.status. ##
## ---------------------- ##

This file was extended by SemesterLeistung config.status 0.1.0, which was
generated by GNU Autoconf 2.66.  Invocation command line was

  CONFIG_FILES    = 
  CONFIG_HEADERS  = 
  CONFIG_LINKS    = 
  CONFIG_COMMANDS = 
  $ ./config.status Makefile

on simon-laptop-linux

config.status:1145: creating Makefile

## ---------------------- ##
## Running config.status. ##
## ---------------------- ##

This file was extended by SemesterLeistung config.status 0.1.0, which was
generated by GNU Autoconf 2.66.  Invocation command line was

  CONFIG_FILES    = 
  CONFIG_HEADERS  = 
  CONFIG_LINKS    = 
  CONFIG_COMMANDS = 
  $ ./config.status src/Makefile depfiles

on simon-laptop-linux

config.status:1145: creating src/Makefile
config.status:1373: executing depfiles commands

## ---------------------- ##
## Running config.status. ##
## ---------------------- ##

This file was extended by SemesterLeistung config.status 0.1.0, which was
generated by GNU Autoconf 2.66.  Invocation command line was

  CONFIG_FILES    = 
  CONFIG_HEADERS  = 
  CONFIG_LINKS    = 
  CONFIG_COMMANDS = 
  $ ./config.status Makefile

on simon-laptop-linux

config.status:1145: creating Makefile

## ---------------------- ##
## Running config.status. ##
## ---------------------- ##

This file was extended by SemesterLeistung config.status 0.1.0, which was
generated by GNU Autoconf 2.66.  Invocation command line was

  CONFIG_FILES    = 
  CONFIG_HEADERS  = 
  CONFIG_LINKS    = 
  CONFIG_COMMANDS = 
  $ ./config.status src/Makefile depfiles

on simon-laptop-linux

config.status:1145: creating src/Makefile
config.status:1373: executing depfiles commands

## ---------------------- ##
## Running config.status. ##
## ---------------------- ##

This file was extended by SemesterLeistung config.status 0.1.0, which was
generated by GNU Autoconf 2.66.  Invocation command line was

  CONFIG_FILES    = 
  CONFIG_HEADERS  = 
  CONFIG_LINKS    = 
  CONFIG_COMMANDS = 
  $ ./config.status Makefile

on simon-laptop-linux

config.status:1145: creating Makefile

## ---------------------- ##
## Running config.status. ##
## ---------------------- ##

This file was extended by SemesterLeistung config.status 0.1.0, which was
generated by GNU Autoconf 2.66.  Invocation command line was

  CONFIG_FILES    = 
  CONFIG_HEADERS  = 
  CONFIG_LINKS    = 
  CONFIG_COMMANDS = 
  $ ./config.status src/Makefile depfiles

on simon-laptop-linux

config.status:1145: creating src/Makefile
config.status:1373: executing depfiles commands

## ---------------------- ##
## Running config.status. ##
## ---------------------- ##

This file was extended by SemesterLeistung config.status 0.1.0, which was
generated by GNU Autoconf 2.66.  Invocation command line was

  CONFIG_FILES    = 
  CONFIG_HEADERS  = 
  CONFIG_LINKS    = 
  CONFIG_COMMANDS = 
  $ ./config.status Makefile

on simon-laptop-linux

config.status:1145: creating Makefile

## ---------------------- ##
## Running config.status. ##
## ---------------------- ##

This file was extended by SemesterLeistung config.status 0.1.0, which was
generated by GNU Autoconf 2.66.  Invocation command line was

  CONFIG_FILES    = 
  CONFIG_HEADERS  = 
  CONFIG_LINKS    = 
  CONFIG_COMMANDS = 
  $ ./config.status src/Makefile depfiles

on simon-laptop-linux

config.status:1145: creating src/Makefile
config.status:1373: executing depfiles commands

## ---------------------- ##
## Running config.status. ##
## ---------------------- ##

This file was extended by SemesterLeistung config.status 0.1.0, which was
generated by GNU Autoconf 2.66.  Invocation command line was

  CONFIG_FILES    = 
  CONFIG_HEADERS  = 
  CONFIG_LINKS    = 
  CONFIG_COMMANDS = 
  $ ./config.status Makefile

on simon-laptop-linux

config.status:1145: creating Makefile

## ---------------------- ##
## Running config.status. ##
## ---------------------- ##

This file was extended by SemesterLeistung config.status 0.1.0, which was
generated by GNU Autoconf 2.66.  Invocation command line was

  CONFIG_FILES    = 
  CONFIG_HEADERS  = 
  CONFIG_LINKS    = 
  CONFIG_COMMANDS = 
  $ ./config.status src/Makefile depfiles

on simon-laptop-linux

config.status:1145: creating src/Makefile
config.status:1373: executing depfiles commands

## ---------------------- ##
## Running config.status. ##
## ---------------------- ##

This file was extended by SemesterLeistung config.status 0.1.0, which was
generated by GNU Autoconf 2.66.  Invocation command line was

  CONFIG_FILES    = 
  CONFIG_HEADERS  = 
  CONFIG_LINKS    = 
  CONFIG_COMMANDS = 
  $ ./config.status Makefile

on simon-laptop-linux

config.status:1145: creating Makefile

## ---------------------- ##
## Running config.status. ##
## ---------------------- ##

This file was extended by SemesterLeistung config.status 0.1.0, which was
generated by GNU Autoconf 2.66.  Invocation command line was

  CONFIG_FILES    = 
  CONFIG_HEADERS  = 
  CONFIG_LINKS    = 
  CONFIG_COMMANDS = 
  $ ./config.status src/Makefile depfiles

on simon-laptop-linux

config.status:1145: creating src/Makefile
config.status:1373: executing depfiles commands

## ---------------------- ##
## Running config.status. ##
## ---------------------- ##

This file was extended by SemesterLeistung config.status 0.1.0, which was
generated by GNU Autoconf 2.66.  Invocation command line was

  CONFIG_FILES    = 
  CONFIG_HEADERS  = 
  CONFIG_LINKS    = 
  CONFIG_COMMANDS = 
  $ ./config.status Makefile

on simon-laptop-linux

config.status:1145: creating Makefile

## ---------------------- ##
## Running config.status. ##
## ---------------------- ##

This file was extended by SemesterLeistung config.status 0.1.0, which was
generated by GNU Autoconf 2.66.  Invocation command line was

  CONFIG_FILES    = 
  CONFIG_HEADERS  = 
  CONFIG_LINKS    = 
  CONFIG_COMMANDS = 
  $ ./config.status src/Makefile depfiles

on simon-laptop-linux

config.status:1145: creating src/Makefile
config.status:1373: executing depfiles commands

## ---------------------- ##
## Running config.status. ##
## ---------------------- ##

This file was extended by SemesterLeistung config.status 0.1.0, which was
generated by GNU Autoconf 2.66.  Invocation command line was

  CONFIG_FILES    = 
  CONFIG_HEADERS  = 
  CONFIG_LINKS    = 
  CONFIG_COMMANDS = 
  $ ./config.status Makefile

on simon-laptop-linux

config.status:1145: creating Makefile

## ---------------------- ##
## Running config.status. ##
## ---------------------- ##

This file was extended by SemesterLeistung config.status 0.1.0, which was
generated by GNU Autoconf 2.66.  Invocation command line was

  CONFIG_FILES    = 
  CONFIG_HEADERS  = 
  CONFIG_LINKS    = 
  CONFIG_COMMANDS = 
  $ ./config.status src/Makefile depfiles

on simon-laptop-linux

config.status:1145: creating src/Makefile
config.status:1373: executing depfiles commands

## ---------------------- ##
## Running config.status. ##
## ---------------------- ##

This file was extended by SemesterLeistung config.status 0.1.0, which was
generated by GNU Autoconf 2.66.  Invocation command line was

  CONFIG_FILES    = 
  CONFIG_HEADERS  = 
  CONFIG_LINKS    = 
  CONFIG_COMMANDS = 
  $ ./config.status Makefile

on simon-laptop-linux

config.status:1145: creating Makefile

## ---------------------- ##
## Running config.status. ##
## ---------------------- ##

This file was extended by SemesterLeistung config.status 0.1.0, which was
generated by GNU Autoconf 2.66.  Invocation command line was

  CONFIG_FILES    = 
  CONFIG_HEADERS  = 
  CONFIG_LINKS    = 
  CONFIG_COMMANDS = 
  $ ./config.status src/Makefile depfiles

on simon-laptop-linux

config.status:1145: creating src/Makefile
config.status:1373: executing depfiles commands

## ---------------------- ##
## Running config.status. ##
## ---------------------- ##

This file was extended by SemesterLeistung config.status 0.1.0, which was
generated by GNU Autoconf 2.66.  Invocation command line was

  CONFIG_FILES    = 
  CONFIG_HEADERS  = 
  CONFIG_LINKS    = 
  CONFIG_COMMANDS = 
  $ ./config.status Makefile

on simon-laptop-linux

config.status:1145: creating Makefile

## ---------------------- ##
## Running config.status. ##
## ---------------------- ##

This file was extended by SemesterLeistung config.status 0.1.0, which was
generated by GNU Autoconf 2.66.  Invocation command line was

  CONFIG_FILES    = 
  CONFIG_HEADERS  = 
  CONFIG_LINKS    = 
  CONFIG_COMMANDS = 
  $ ./config.status src/Makefile depfiles

on simon-laptop-linux

config.status:1145: creating src/Makefile
config.status:1373: executing depfiles commands

## ---------------------- ##
## Running config.status. ##
## ---------------------- ##

This file was extended by SemesterLeistung config.status 0.1.0, which was
generated by GNU Autoconf 2.66.  Invocation command line was

  CONFIG_FILES    = 
  CONFIG_HEADERS  = 
  CONFIG_LINKS    = 
  CONFIG_COMMANDS = 
  $ ./config.status Makefile

on simon-laptop-linux

config.status:1145: creating Makefile

## ---------------------- ##
## Running config.status. ##
## ---------------------- ##

This file was extended by SemesterLeistung config.status 0.1.0, which was
generated by GNU Autoconf 2.66.  Invocation command line was

  CONFIG_FILES    = 
  CONFIG_HEADERS  = 
  CONFIG_LINKS    = 
  CONFIG_COMMANDS = 
  $ ./config.status src/Makefile depfiles

on simon-laptop-linux

config.status:1145: creating src/Makefile
config.status:1373: executing depfiles commands

## ---------------------- ##
## Running config.status. ##
## ---------------------- ##

This file was extended by SemesterLeistung config.status 0.1.0, which was
generated by GNU Autoconf 2.66.  Invocation command line was

  CONFIG_FILES    = 
  CONFIG_HEADERS  = 
  CONFIG_LINKS    = 
  CONFIG_COMMANDS = 
  $ ./config.status Makefile

on simon-laptop-linux

config.status:1145: creating Makefile

## ---------------------- ##
## Running config.status. ##
## ---------------------- ##

This file was extended by SemesterLeistung config.status 0.1.0, which was
generated by GNU Autoconf 2.66.  Invocation command line was

  CONFIG_FILES    = 
  CONFIG_HEADERS  = 
  CONFIG_LINKS    = 
  CONFIG_COMMANDS = 
  $ ./config.status src/Makefile depfiles

on simon-laptop-linux

config.status:1145: creating src/Makefile
config.status:1373: executing depfiles commands

## ---------------------- ##
## Running config.status. ##
## ---------------------- ##

This file was extended by SemesterLeistung config.status 0.1.0, which was
generated by GNU Autoconf 2.66.  Invocation command line was

  CONFIG_FILES    = 
  CONFIG_HEADERS  = 
  CONFIG_LINKS    = 
  CONFIG_COMMANDS = 
  $ ./config.status Makefile

on simon-laptop-linux

config.status:1145: creating Makefile

## ---------------------- ##
## Running config.status. ##
## ---------------------- ##

This file was extended by SemesterLeistung config.status 0.1.0, which was
generated by GNU Autoconf 2.66.  Invocation command line was

  CONFIG_FILES    = 
  CONFIG_HEADERS  = 
  CONFIG_LINKS    = 
  CONFIG_COMMANDS = 
  $ ./config.status src/Makefile depfiles

on simon-laptop-linux

config.status:1145: creating src/Makefile
config.status:1373: executing depfiles commands

## ---------------------- ##
## Running config.status. ##
## ---------------------- ##

This file was extended by SemesterLeistung config.status 0.1.0, which was
generated by GNU Autoconf 2.66.  Invocation command line was

  CONFIG_FILES    = 
  CONFIG_HEADERS  = 
  CONFIG_LINKS    = 
  CONFIG_COMMANDS = 
  $ ./config.status Makefile

on simon-laptop-linux

config.status:1145: creating Makefile

## ---------------------- ##
## Running config.status. ##
## ---------------------- ##

This file was extended by SemesterLeistung config.status 0.1.0, which was
generated by GNU Autoconf 2.66.  Invocation command line was

  CONFIG_FILES    = 
  CONFIG_HEADERS  = 
  CONFIG_LINKS    = 
  CONFIG_COMMANDS = 
  $ ./config.status src/Makefile depfiles

on simon-laptop-linux

config.status:1145: creating src/Makefile
config.status:1373: executing depfiles commands

## ---------------------- ##
## Running config.status. ##
## ---------------------- ##

This file was extended by SemesterLeistung config.status 0.1.0, which was
generated by GNU Autoconf 2.66.  Invocation command line was

  CONFIG_FILES    = 
  CONFIG_HEADERS  = 
  CONFIG_LINKS    = 
  CONFIG_COMMANDS = 
  $ ./config.status Makefile

on simon-laptop-linux

config.status:1145: creating Makefile

## ---------------------- ##
## Running config.status. ##
## ---------------------- ##

This file was extended by SemesterLeistung config.status 0.1.0, which was
generated by GNU Autoconf 2.66.  Invocation command line was

  CONFIG_FILES    = 
  CONFIG_HEADERS  = 
  CONFIG_LINKS    = 
  CONFIG_COMMANDS = 
  $ ./config.status src/Makefile depfiles

on simon-laptop-linux

config.status:1145: creating src/Makefile
config.status:1373: executing depfiles commands

## ---------------------- ##
## Running config.status. ##
## ---------------------- ##

This file was extended by SemesterLeistung config.status 0.1.0, which was
generated by GNU Autoconf 2.66.  Invocation command line was

  CONFIG_FILES    = 
  CONFIG_HEADERS  = 
  CONFIG_LINKS    = 
  CONFIG_COMMANDS = 
  $ ./config.status Makefile

on simon-laptop-linux

config.status:1145: creating Makefile

## ---------------------- ##
## Running config.status. ##
## ---------------------- ##

This file was extended by SemesterLeistung config.status 0.1.0, which was
generated by GNU Autoconf 2.66.  Invocation command line was

  CONFIG_FILES    = 
  CONFIG_HEADERS  = 
  CONFIG_LINKS    = 
  CONFIG_COMMANDS = 
  $ ./config.status src/Makefile depfiles

on simon-laptop-linux

config.status:1145: creating src/Makefile
config.status:1373: executing depfiles commands

## ---------------------- ##
## Running config.status. ##
## ---------------------- ##

This file was extended by SemesterLeistung config.status 0.1.0, which was
generated by GNU Autoconf 2.66.  Invocation command line was

  CONFIG_FILES    = 
  CONFIG_HEADERS  = 
  CONFIG_LINKS    = 
  CONFIG_COMMANDS = 
  $ ./config.status Makefile

on simon-laptop-linux

config.status:1145: creating Makefile

## ---------------------- ##
## Running config.status. ##
## ---------------------- ##

This file was extended by SemesterLeistung config.status 0.1.0, which was
generated by GNU Autoconf 2.66.  Invocation command line was

  CONFIG_FILES    = 
  CONFIG_HEADERS  = 
  CONFIG_LINKS    = 
  CONFIG_COMMANDS = 
  $ ./config.status src/Makefile depfiles

on simon-laptop-linux

config.status:1145: creating src/Makefile
config.status:1373: executing depfiles commands
